{"D:\\Hacktiv8\\Phase 2\\IP\\IP-HCK71\\server\\app.js": {"path":"D:\\Hacktiv8\\Phase 2\\IP\\IP-HCK71\\server\\app.js","statementMap":{"0":{"start":{"line":1,"column":0},"end":{"line":1,"column":26}},"1":{"start":{"line":3,"column":16},"end":{"line":3,"column":34}},"2":{"start":{"line":4,"column":12},"end":{"line":4,"column":21}},"3":{"start":{"line":5,"column":13},"end":{"line":5,"column":28}},"4":{"start":{"line":6,"column":15},"end":{"line":6,"column":35}},"5":{"start":{"line":8,"column":0},"end":{"line":8,"column":15}},"6":{"start":{"line":9,"column":0},"end":{"line":9,"column":45}},"7":{"start":{"line":10,"column":0},"end":{"line":10,"column":23}},"8":{"start":{"line":12,"column":0},"end":{"line":12,"column":20}},"9":{"start":{"line":15,"column":0},"end":{"line":15,"column":20}}},"fnMap":{},"branchMap":{},"s":{"0":2,"1":2,"2":2,"3":2,"4":2,"5":2,"6":2,"7":2,"8":2,"9":2},"f":{},"b":{},"_coverageSchema":"1a1c01bbd47fc00a2c39e90264f33305004495a9","hash":"813ee1480351080f53d47d225284b7731508b971"}
,"D:\\Hacktiv8\\Phase 2\\IP\\IP-HCK71\\server\\controllers\\CartController.js": {"path":"D:\\Hacktiv8\\Phase 2\\IP\\IP-HCK71\\server\\controllers\\CartController.js","statementMap":{"0":{"start":{"line":1,"column":23},"end":{"line":1,"column":43}},"1":{"start":{"line":5,"column":8},"end":{"line":20,"column":9}},"2":{"start":{"line":6,"column":25},"end":{"line":6,"column":33}},"3":{"start":{"line":7,"column":23},"end":{"line":15,"column":14}},"4":{"start":{"line":16,"column":12},"end":{"line":16,"column":46}},"5":{"start":{"line":16,"column":22},"end":{"line":16,"column":46}},"6":{"start":{"line":17,"column":12},"end":{"line":17,"column":38}},"7":{"start":{"line":19,"column":12},"end":{"line":19,"column":23}},"8":{"start":{"line":24,"column":8},"end":{"line":50,"column":9}},"9":{"start":{"line":25,"column":25},"end":{"line":25,"column":33}},"10":{"start":{"line":26,"column":27},"end":{"line":26,"column":38}},"11":{"start":{"line":28,"column":23},"end":{"line":28,"column":50}},"12":{"start":{"line":29,"column":12},"end":{"line":29,"column":46}},"13":{"start":{"line":29,"column":22},"end":{"line":29,"column":46}},"14":{"start":{"line":31,"column":23},"end":{"line":31,"column":81}},"15":{"start":{"line":32,"column":12},"end":{"line":47,"column":13}},"16":{"start":{"line":33,"column":25},"end":{"line":35,"column":16}},"17":{"start":{"line":37,"column":14},"end":{"line":37,"column":40}},"18":{"start":{"line":39,"column":25},"end":{"line":44,"column":16}},"19":{"start":{"line":46,"column":14},"end":{"line":46,"column":40}},"20":{"start":{"line":49,"column":12},"end":{"line":49,"column":23}},"21":{"start":{"line":54,"column":8},"end":{"line":65,"column":9}},"22":{"start":{"line":55,"column":25},"end":{"line":55,"column":38}},"23":{"start":{"line":56,"column":10},"end":{"line":56,"column":30}},"24":{"start":{"line":57,"column":23},"end":{"line":57,"column":50}},"25":{"start":{"line":58,"column":10},"end":{"line":58,"column":48}},"26":{"start":{"line":58,"column":21},"end":{"line":58,"column":48}},"27":{"start":{"line":59,"column":10},"end":{"line":59,"column":31}},"28":{"start":{"line":60,"column":10},"end":{"line":62,"column":58}},"29":{"start":{"line":64,"column":10},"end":{"line":64,"column":22}},"30":{"start":{"line":69,"column":8},"end":{"line":81,"column":9}},"31":{"start":{"line":70,"column":25},"end":{"line":70,"column":38}},"32":{"start":{"line":71,"column":23},"end":{"line":71,"column":50}},"33":{"start":{"line":72,"column":10},"end":{"line":72,"column":48}},"34":{"start":{"line":72,"column":21},"end":{"line":72,"column":48}},"35":{"start":{"line":73,"column":10},"end":{"line":75,"column":13}},"36":{"start":{"line":76,"column":10},"end":{"line":78,"column":83}},"37":{"start":{"line":80,"column":10},"end":{"line":80,"column":22}},"38":{"start":{"line":85,"column":8},"end":{"line":97,"column":9}},"39":{"start":{"line":86,"column":25},"end":{"line":86,"column":38}},"40":{"start":{"line":87,"column":23},"end":{"line":87,"column":50}},"41":{"start":{"line":88,"column":10},"end":{"line":88,"column":48}},"42":{"start":{"line":88,"column":21},"end":{"line":88,"column":48}},"43":{"start":{"line":89,"column":10},"end":{"line":91,"column":13}},"44":{"start":{"line":92,"column":10},"end":{"line":94,"column":57}},"45":{"start":{"line":96,"column":10},"end":{"line":96,"column":22}},"46":{"start":{"line":101,"column":0},"end":{"line":101,"column":31}}},"fnMap":{"0":{"name":"(anonymous_0)","decl":{"start":{"line":4,"column":4},"end":{"line":4,"column":5}},"loc":{"start":{"line":4,"column":44},"end":{"line":21,"column":5}},"line":4},"1":{"name":"(anonymous_1)","decl":{"start":{"line":23,"column":4},"end":{"line":23,"column":5}},"loc":{"start":{"line":23,"column":41},"end":{"line":51,"column":5}},"line":23},"2":{"name":"(anonymous_2)","decl":{"start":{"line":53,"column":4},"end":{"line":53,"column":5}},"loc":{"start":{"line":53,"column":48},"end":{"line":66,"column":5}},"line":53},"3":{"name":"(anonymous_3)","decl":{"start":{"line":68,"column":4},"end":{"line":68,"column":5}},"loc":{"start":{"line":68,"column":54},"end":{"line":82,"column":5}},"line":68},"4":{"name":"(anonymous_4)","decl":{"start":{"line":84,"column":4},"end":{"line":84,"column":5}},"loc":{"start":{"line":84,"column":52},"end":{"line":98,"column":5}},"line":84}},"branchMap":{"0":{"loc":{"start":{"line":16,"column":12},"end":{"line":16,"column":46}},"type":"if","locations":[{"start":{"line":16,"column":12},"end":{"line":16,"column":46}},{"start":{},"end":{}}],"line":16},"1":{"loc":{"start":{"line":29,"column":12},"end":{"line":29,"column":46}},"type":"if","locations":[{"start":{"line":29,"column":12},"end":{"line":29,"column":46}},{"start":{},"end":{}}],"line":29},"2":{"loc":{"start":{"line":32,"column":12},"end":{"line":47,"column":13}},"type":"if","locations":[{"start":{"line":32,"column":12},"end":{"line":47,"column":13}},{"start":{"line":38,"column":18},"end":{"line":47,"column":13}}],"line":32},"3":{"loc":{"start":{"line":58,"column":10},"end":{"line":58,"column":48}},"type":"if","locations":[{"start":{"line":58,"column":10},"end":{"line":58,"column":48}},{"start":{},"end":{}}],"line":58},"4":{"loc":{"start":{"line":72,"column":10},"end":{"line":72,"column":48}},"type":"if","locations":[{"start":{"line":72,"column":10},"end":{"line":72,"column":48}},{"start":{},"end":{}}],"line":72},"5":{"loc":{"start":{"line":88,"column":10},"end":{"line":88,"column":48}},"type":"if","locations":[{"start":{"line":88,"column":10},"end":{"line":88,"column":48}},{"start":{},"end":{}}],"line":88}},"s":{"0":2,"1":0,"2":0,"3":0,"4":0,"5":0,"6":0,"7":0,"8":0,"9":0,"10":0,"11":0,"12":0,"13":0,"14":0,"15":0,"16":0,"17":0,"18":0,"19":0,"20":0,"21":0,"22":0,"23":0,"24":0,"25":0,"26":0,"27":0,"28":0,"29":0,"30":0,"31":0,"32":0,"33":0,"34":0,"35":0,"36":0,"37":0,"38":0,"39":0,"40":0,"41":0,"42":0,"43":0,"44":0,"45":0,"46":2},"f":{"0":0,"1":0,"2":0,"3":0,"4":0},"b":{"0":[0,0],"1":[0,0],"2":[0,0],"3":[0,0],"4":[0,0],"5":[0,0]},"_coverageSchema":"1a1c01bbd47fc00a2c39e90264f33305004495a9","hash":"fcecafb0393f7c25708e51630d3fce2637cae9a2"}
,"D:\\Hacktiv8\\Phase 2\\IP\\IP-HCK71\\server\\controllers\\FoodController.js": {"path":"D:\\Hacktiv8\\Phase 2\\IP\\IP-HCK71\\server\\controllers\\FoodController.js","statementMap":{"0":{"start":{"line":1,"column":17},"end":{"line":1,"column":37}},"1":{"start":{"line":2,"column":15},"end":{"line":2,"column":35}},"2":{"start":{"line":6,"column":4},"end":{"line":76,"column":5}},"3":{"start":{"line":7,"column":43},"end":{"line":7,"column":52}},"4":{"start":{"line":8,"column":29},"end":{"line":10,"column":7}},"5":{"start":{"line":13,"column":6},"end":{"line":17,"column":5}},"6":{"start":{"line":14,"column":8},"end":{"line":16,"column":9}},"7":{"start":{"line":20,"column":4},"end":{"line":27,"column":5}},"8":{"start":{"line":21,"column":25},"end":{"line":21,"column":57}},"9":{"start":{"line":22,"column":27},"end":{"line":22,"column":69}},"10":{"start":{"line":24,"column":8},"end":{"line":26,"column":9}},"11":{"start":{"line":30,"column":16},"end":{"line":30,"column":17}},"12":{"start":{"line":31,"column":21},"end":{"line":31,"column":22}},"13":{"start":{"line":33,"column":4},"end":{"line":49,"column":5}},"14":{"start":{"line":40,"column":8},"end":{"line":43,"column":9}},"15":{"start":{"line":41,"column":12},"end":{"line":41,"column":31}},"16":{"start":{"line":42,"column":12},"end":{"line":42,"column":40}},"17":{"start":{"line":45,"column":8},"end":{"line":48,"column":9}},"18":{"start":{"line":46,"column":12},"end":{"line":46,"column":38}},"19":{"start":{"line":47,"column":12},"end":{"line":47,"column":60}},"20":{"start":{"line":52,"column":4},"end":{"line":58,"column":5}},"21":{"start":{"line":53,"column":8},"end":{"line":57,"column":9}},"22":{"start":{"line":66,"column":24},"end":{"line":66,"column":66}},"23":{"start":{"line":67,"column":2},"end":{"line":73,"column":5}},"24":{"start":{"line":75,"column":6},"end":{"line":75,"column":18}},"25":{"start":{"line":80,"column":4},"end":{"line":94,"column":5}},"26":{"start":{"line":81,"column":19},"end":{"line":87,"column":8}},"27":{"start":{"line":88,"column":6},"end":{"line":91,"column":9}},"28":{"start":{"line":93,"column":6},"end":{"line":93,"column":18}},"29":{"start":{"line":98,"column":4},"end":{"line":105,"column":5}},"30":{"start":{"line":99,"column":21},"end":{"line":99,"column":34}},"31":{"start":{"line":100,"column":19},"end":{"line":100,"column":46}},"32":{"start":{"line":101,"column":6},"end":{"line":101,"column":44}},"33":{"start":{"line":101,"column":17},"end":{"line":101,"column":44}},"34":{"start":{"line":102,"column":6},"end":{"line":102,"column":33}},"35":{"start":{"line":104,"column":6},"end":{"line":104,"column":18}},"36":{"start":{"line":109,"column":4},"end":{"line":125,"column":5}},"37":{"start":{"line":110,"column":21},"end":{"line":110,"column":34}},"38":{"start":{"line":111,"column":19},"end":{"line":111,"column":46}},"39":{"start":{"line":112,"column":6},"end":{"line":112,"column":44}},"40":{"start":{"line":112,"column":17},"end":{"line":112,"column":44}},"41":{"start":{"line":113,"column":6},"end":{"line":119,"column":9}},"42":{"start":{"line":120,"column":6},"end":{"line":122,"column":64}},"43":{"start":{"line":124,"column":6},"end":{"line":124,"column":18}},"44":{"start":{"line":129,"column":4},"end":{"line":139,"column":5}},"45":{"start":{"line":130,"column":21},"end":{"line":130,"column":34}},"46":{"start":{"line":131,"column":19},"end":{"line":131,"column":46}},"47":{"start":{"line":132,"column":6},"end":{"line":132,"column":44}},"48":{"start":{"line":132,"column":17},"end":{"line":132,"column":44}},"49":{"start":{"line":133,"column":6},"end":{"line":133,"column":27}},"50":{"start":{"line":134,"column":6},"end":{"line":136,"column":62}},"51":{"start":{"line":138,"column":6},"end":{"line":138,"column":18}},"52":{"start":{"line":143,"column":0},"end":{"line":143,"column":32}}},"fnMap":{"0":{"name":"(anonymous_0)","decl":{"start":{"line":5,"column":2},"end":{"line":5,"column":3}},"loc":{"start":{"line":5,"column":43},"end":{"line":77,"column":3}},"line":5},"1":{"name":"(anonymous_1)","decl":{"start":{"line":79,"column":2},"end":{"line":79,"column":3}},"loc":{"start":{"line":79,"column":42},"end":{"line":95,"column":3}},"line":79},"2":{"name":"(anonymous_2)","decl":{"start":{"line":97,"column":2},"end":{"line":97,"column":3}},"loc":{"start":{"line":97,"column":43},"end":{"line":106,"column":3}},"line":97},"3":{"name":"(anonymous_3)","decl":{"start":{"line":108,"column":2},"end":{"line":108,"column":3}},"loc":{"start":{"line":108,"column":44},"end":{"line":126,"column":3}},"line":108},"4":{"name":"(anonymous_4)","decl":{"start":{"line":128,"column":2},"end":{"line":128,"column":3}},"loc":{"start":{"line":128,"column":46},"end":{"line":140,"column":3}},"line":128}},"branchMap":{"0":{"loc":{"start":{"line":13,"column":6},"end":{"line":17,"column":5}},"type":"if","locations":[{"start":{"line":13,"column":6},"end":{"line":17,"column":5}},{"start":{},"end":{}}],"line":13},"1":{"loc":{"start":{"line":20,"column":4},"end":{"line":27,"column":5}},"type":"if","locations":[{"start":{"line":20,"column":4},"end":{"line":27,"column":5}},{"start":{},"end":{}}],"line":20},"2":{"loc":{"start":{"line":21,"column":25},"end":{"line":21,"column":57}},"type":"cond-expr","locations":[{"start":{"line":21,"column":43},"end":{"line":21,"column":49}},{"start":{"line":21,"column":52},"end":{"line":21,"column":57}}],"line":21},"3":{"loc":{"start":{"line":22,"column":27},"end":{"line":22,"column":69}},"type":"cond-expr","locations":[{"start":{"line":22,"column":49},"end":{"line":22,"column":62}},{"start":{"line":22,"column":65},"end":{"line":22,"column":69}}],"line":22},"4":{"loc":{"start":{"line":33,"column":4},"end":{"line":49,"column":5}},"type":"if","locations":[{"start":{"line":33,"column":4},"end":{"line":49,"column":5}},{"start":{},"end":{}}],"line":33},"5":{"loc":{"start":{"line":40,"column":8},"end":{"line":43,"column":9}},"type":"if","locations":[{"start":{"line":40,"column":8},"end":{"line":43,"column":9}},{"start":{},"end":{}}],"line":40},"6":{"loc":{"start":{"line":45,"column":8},"end":{"line":48,"column":9}},"type":"if","locations":[{"start":{"line":45,"column":8},"end":{"line":48,"column":9}},{"start":{},"end":{}}],"line":45},"7":{"loc":{"start":{"line":52,"column":4},"end":{"line":58,"column":5}},"type":"if","locations":[{"start":{"line":52,"column":4},"end":{"line":58,"column":5}},{"start":{},"end":{}}],"line":52},"8":{"loc":{"start":{"line":101,"column":6},"end":{"line":101,"column":44}},"type":"if","locations":[{"start":{"line":101,"column":6},"end":{"line":101,"column":44}},{"start":{},"end":{}}],"line":101},"9":{"loc":{"start":{"line":112,"column":6},"end":{"line":112,"column":44}},"type":"if","locations":[{"start":{"line":112,"column":6},"end":{"line":112,"column":44}},{"start":{},"end":{}}],"line":112},"10":{"loc":{"start":{"line":132,"column":6},"end":{"line":132,"column":44}},"type":"if","locations":[{"start":{"line":132,"column":6},"end":{"line":132,"column":44}},{"start":{},"end":{}}],"line":132}},"s":{"0":2,"1":2,"2":1,"3":1,"4":1,"5":1,"6":0,"7":1,"8":0,"9":0,"10":0,"11":1,"12":1,"13":1,"14":0,"15":0,"16":0,"17":0,"18":0,"19":0,"20":1,"21":0,"22":1,"23":1,"24":0,"25":11,"26":11,"27":1,"28":10,"29":0,"30":0,"31":0,"32":0,"33":0,"34":0,"35":0,"36":0,"37":0,"38":0,"39":0,"40":0,"41":0,"42":0,"43":0,"44":0,"45":0,"46":0,"47":0,"48":0,"49":0,"50":0,"51":0,"52":2},"f":{"0":1,"1":11,"2":0,"3":0,"4":0},"b":{"0":[0,1],"1":[0,1],"2":[0,0],"3":[0,0],"4":[0,1],"5":[0,0],"6":[0,0],"7":[0,1],"8":[0,0],"9":[0,0],"10":[0,0]},"_coverageSchema":"1a1c01bbd47fc00a2c39e90264f33305004495a9","hash":"581fc23516b163b6949b18272fcb240a2c971613"}
,"D:\\Hacktiv8\\Phase 2\\IP\\IP-HCK71\\server\\controllers\\TransactionController.js": {"path":"D:\\Hacktiv8\\Phase 2\\IP\\IP-HCK71\\server\\controllers\\TransactionController.js","statementMap":{"0":{"start":{"line":1,"column":40},"end":{"line":1,"column":60}},"1":{"start":{"line":2,"column":23},"end":{"line":2,"column":49}},"2":{"start":{"line":6,"column":8},"end":{"line":30,"column":9}},"3":{"start":{"line":7,"column":23},"end":{"line":7,"column":31}},"4":{"start":{"line":8,"column":24},"end":{"line":13,"column":14}},"5":{"start":{"line":14,"column":12},"end":{"line":14,"column":47}},"6":{"start":{"line":14,"column":23},"end":{"line":14,"column":47}},"7":{"start":{"line":16,"column":25},"end":{"line":16,"column":26}},"8":{"start":{"line":17,"column":12},"end":{"line":19,"column":13}},"9":{"start":{"line":18,"column":16},"end":{"line":18,"column":57}},"10":{"start":{"line":21,"column":30},"end":{"line":25,"column":14}},"11":{"start":{"line":27,"column":12},"end":{"line":27,"column":45}},"12":{"start":{"line":29,"column":12},"end":{"line":29,"column":23}},"13":{"start":{"line":34,"column":8},"end":{"line":48,"column":9}},"14":{"start":{"line":35,"column":25},"end":{"line":35,"column":33}},"15":{"start":{"line":36,"column":23},"end":{"line":43,"column":14}},"16":{"start":{"line":44,"column":12},"end":{"line":44,"column":46}},"17":{"start":{"line":44,"column":22},"end":{"line":44,"column":46}},"18":{"start":{"line":45,"column":12},"end":{"line":45,"column":38}},"19":{"start":{"line":47,"column":12},"end":{"line":47,"column":23}},"20":{"start":{"line":52,"column":8},"end":{"line":61,"column":9}},"21":{"start":{"line":53,"column":23},"end":{"line":55,"column":14}},"22":{"start":{"line":56,"column":12},"end":{"line":56,"column":46}},"23":{"start":{"line":56,"column":22},"end":{"line":56,"column":46}},"24":{"start":{"line":58,"column":12},"end":{"line":58,"column":38}},"25":{"start":{"line":60,"column":12},"end":{"line":60,"column":23}},"26":{"start":{"line":65,"column":8},"end":{"line":75,"column":9}},"27":{"start":{"line":66,"column":32},"end":{"line":66,"column":45}},"28":{"start":{"line":67,"column":30},"end":{"line":67,"column":71}},"29":{"start":{"line":68,"column":10},"end":{"line":68,"column":55}},"30":{"start":{"line":68,"column":28},"end":{"line":68,"column":55}},"31":{"start":{"line":69,"column":10},"end":{"line":69,"column":38}},"32":{"start":{"line":70,"column":10},"end":{"line":72,"column":64}},"33":{"start":{"line":74,"column":10},"end":{"line":74,"column":22}},"34":{"start":{"line":79,"column":8},"end":{"line":104,"column":9}},"35":{"start":{"line":80,"column":23},"end":{"line":80,"column":31}},"36":{"start":{"line":81,"column":30},"end":{"line":86,"column":10}},"37":{"start":{"line":87,"column":10},"end":{"line":87,"column":55}},"38":{"start":{"line":87,"column":28},"end":{"line":87,"column":55}},"39":{"start":{"line":88,"column":10},"end":{"line":90,"column":13}},"40":{"start":{"line":92,"column":10},"end":{"line":98,"column":11}},"41":{"start":{"line":93,"column":12},"end":{"line":97,"column":15}},"42":{"start":{"line":99,"column":10},"end":{"line":101,"column":72}},"43":{"start":{"line":103,"column":10},"end":{"line":103,"column":22}},"44":{"start":{"line":108,"column":8},"end":{"line":155,"column":9}},"45":{"start":{"line":110,"column":23},"end":{"line":110,"column":31}},"46":{"start":{"line":111,"column":24},"end":{"line":116,"column":14}},"47":{"start":{"line":117,"column":12},"end":{"line":117,"column":47}},"48":{"start":{"line":117,"column":23},"end":{"line":117,"column":47}},"49":{"start":{"line":119,"column":30},"end":{"line":119,"column":31}},"50":{"start":{"line":120,"column":12},"end":{"line":122,"column":14}},"51":{"start":{"line":121,"column":16},"end":{"line":121,"column":73}},"52":{"start":{"line":124,"column":23},"end":{"line":128,"column":14}},"53":{"start":{"line":130,"column":28},"end":{"line":130,"column":90}},"54":{"start":{"line":132,"column":28},"end":{"line":143,"column":13}},"55":{"start":{"line":145,"column":34},"end":{"line":145,"column":73}},"56":{"start":{"line":147,"column":12},"end":{"line":149,"column":13}},"57":{"start":{"line":148,"column":16},"end":{"line":148,"column":132}},"58":{"start":{"line":151,"column":12},"end":{"line":151,"column":61}},"59":{"start":{"line":153,"column":12},"end":{"line":153,"column":31}},"60":{"start":{"line":154,"column":12},"end":{"line":154,"column":23}},"61":{"start":{"line":159,"column":0},"end":{"line":159,"column":38}}},"fnMap":{"0":{"name":"(anonymous_0)","decl":{"start":{"line":5,"column":4},"end":{"line":5,"column":5}},"loc":{"start":{"line":5,"column":49},"end":{"line":31,"column":5}},"line":5},"1":{"name":"(anonymous_1)","decl":{"start":{"line":33,"column":4},"end":{"line":33,"column":5}},"loc":{"start":{"line":33,"column":51},"end":{"line":49,"column":5}},"line":33},"2":{"name":"(anonymous_2)","decl":{"start":{"line":51,"column":4},"end":{"line":51,"column":5}},"loc":{"start":{"line":51,"column":49},"end":{"line":62,"column":5}},"line":51},"3":{"name":"(anonymous_3)","decl":{"start":{"line":64,"column":4},"end":{"line":64,"column":5}},"loc":{"start":{"line":64,"column":55},"end":{"line":76,"column":5}},"line":64},"4":{"name":"(anonymous_4)","decl":{"start":{"line":78,"column":4},"end":{"line":78,"column":5}},"loc":{"start":{"line":78,"column":59},"end":{"line":105,"column":5}},"line":78},"5":{"name":"(anonymous_5)","decl":{"start":{"line":107,"column":4},"end":{"line":107,"column":5}},"loc":{"start":{"line":107,"column":53},"end":{"line":156,"column":5}},"line":107},"6":{"name":"(anonymous_6)","decl":{"start":{"line":120,"column":26},"end":{"line":120,"column":27}},"loc":{"start":{"line":120,"column":32},"end":{"line":122,"column":13}},"line":120}},"branchMap":{"0":{"loc":{"start":{"line":14,"column":12},"end":{"line":14,"column":47}},"type":"if","locations":[{"start":{"line":14,"column":12},"end":{"line":14,"column":47}},{"start":{},"end":{}}],"line":14},"1":{"loc":{"start":{"line":44,"column":12},"end":{"line":44,"column":46}},"type":"if","locations":[{"start":{"line":44,"column":12},"end":{"line":44,"column":46}},{"start":{},"end":{}}],"line":44},"2":{"loc":{"start":{"line":56,"column":12},"end":{"line":56,"column":46}},"type":"if","locations":[{"start":{"line":56,"column":12},"end":{"line":56,"column":46}},{"start":{},"end":{}}],"line":56},"3":{"loc":{"start":{"line":68,"column":10},"end":{"line":68,"column":55}},"type":"if","locations":[{"start":{"line":68,"column":10},"end":{"line":68,"column":55}},{"start":{},"end":{}}],"line":68},"4":{"loc":{"start":{"line":87,"column":10},"end":{"line":87,"column":55}},"type":"if","locations":[{"start":{"line":87,"column":10},"end":{"line":87,"column":55}},{"start":{},"end":{}}],"line":87},"5":{"loc":{"start":{"line":92,"column":10},"end":{"line":98,"column":11}},"type":"if","locations":[{"start":{"line":92,"column":10},"end":{"line":98,"column":11}},{"start":{},"end":{}}],"line":92},"6":{"loc":{"start":{"line":117,"column":12},"end":{"line":117,"column":47}},"type":"if","locations":[{"start":{"line":117,"column":12},"end":{"line":117,"column":47}},{"start":{},"end":{}}],"line":117},"7":{"loc":{"start":{"line":147,"column":12},"end":{"line":149,"column":13}},"type":"if","locations":[{"start":{"line":147,"column":12},"end":{"line":149,"column":13}},{"start":{},"end":{}}],"line":147}},"s":{"0":2,"1":2,"2":0,"3":0,"4":0,"5":0,"6":0,"7":0,"8":0,"9":0,"10":0,"11":0,"12":0,"13":0,"14":0,"15":0,"16":0,"17":0,"18":0,"19":0,"20":0,"21":0,"22":0,"23":0,"24":0,"25":0,"26":0,"27":0,"28":0,"29":0,"30":0,"31":0,"32":0,"33":0,"34":0,"35":0,"36":0,"37":0,"38":0,"39":0,"40":0,"41":0,"42":0,"43":0,"44":0,"45":0,"46":0,"47":0,"48":0,"49":0,"50":0,"51":0,"52":0,"53":0,"54":0,"55":0,"56":0,"57":0,"58":0,"59":0,"60":0,"61":2},"f":{"0":0,"1":0,"2":0,"3":0,"4":0,"5":0,"6":0},"b":{"0":[0,0],"1":[0,0],"2":[0,0],"3":[0,0],"4":[0,0],"5":[0,0],"6":[0,0],"7":[0,0]},"_coverageSchema":"1a1c01bbd47fc00a2c39e90264f33305004495a9","hash":"0b223703af2f745910cf7a9b5b327caae45c7f12"}
,"D:\\Hacktiv8\\Phase 2\\IP\\IP-HCK71\\server\\controllers\\UserController.js": {"path":"D:\\Hacktiv8\\Phase 2\\IP\\IP-HCK71\\server\\controllers\\UserController.js","statementMap":{"0":{"start":{"line":1,"column":15},"end":{"line":1,"column":41}},"1":{"start":{"line":2,"column":24},"end":{"line":2,"column":43}},"2":{"start":{"line":3,"column":22},"end":{"line":3,"column":47}},"3":{"start":{"line":4,"column":23},"end":{"line":4,"column":53}},"4":{"start":{"line":5,"column":15},"end":{"line":5,"column":33}},"5":{"start":{"line":9,"column":8},"end":{"line":19,"column":9}},"6":{"start":{"line":10,"column":36},"end":{"line":10,"column":44}},"7":{"start":{"line":11,"column":12},"end":{"line":11,"column":65}},"8":{"start":{"line":11,"column":36},"end":{"line":11,"column":65}},"9":{"start":{"line":13,"column":23},"end":{"line":13,"column":61}},"10":{"start":{"line":14,"column":12},"end":{"line":14,"column":91}},"11":{"start":{"line":14,"column":63},"end":{"line":14,"column":91}},"12":{"start":{"line":16,"column":12},"end":{"line":16,"column":95}},"13":{"start":{"line":18,"column":12},"end":{"line":18,"column":23}},"14":{"start":{"line":23,"column":8},"end":{"line":45,"column":9}},"15":{"start":{"line":24,"column":35},"end":{"line":24,"column":46}},"16":{"start":{"line":25,"column":27},"end":{"line":28,"column":14}},"17":{"start":{"line":29,"column":28},"end":{"line":29,"column":47}},"18":{"start":{"line":31,"column":36},"end":{"line":41,"column":14}},"19":{"start":{"line":42,"column":12},"end":{"line":42,"column":95}},"20":{"start":{"line":44,"column":12},"end":{"line":44,"column":23}},"21":{"start":{"line":49,"column":8},"end":{"line":60,"column":9}},"22":{"start":{"line":50,"column":59},"end":{"line":50,"column":67}},"23":{"start":{"line":52,"column":23},"end":{"line":52,"column":82}},"24":{"start":{"line":54,"column":12},"end":{"line":57,"column":14}},"25":{"start":{"line":59,"column":12},"end":{"line":59,"column":23}},"26":{"start":{"line":64,"column":0},"end":{"line":64,"column":31}}},"fnMap":{"0":{"name":"(anonymous_0)","decl":{"start":{"line":8,"column":4},"end":{"line":8,"column":5}},"loc":{"start":{"line":8,"column":41},"end":{"line":20,"column":5}},"line":8},"1":{"name":"(anonymous_1)","decl":{"start":{"line":22,"column":4},"end":{"line":22,"column":5}},"loc":{"start":{"line":22,"column":44},"end":{"line":46,"column":5}},"line":22},"2":{"name":"(anonymous_2)","decl":{"start":{"line":48,"column":4},"end":{"line":48,"column":5}},"loc":{"start":{"line":48,"column":44},"end":{"line":61,"column":5}},"line":48}},"branchMap":{"0":{"loc":{"start":{"line":11,"column":12},"end":{"line":11,"column":65}},"type":"if","locations":[{"start":{"line":11,"column":12},"end":{"line":11,"column":65}},{"start":{},"end":{}}],"line":11},"1":{"loc":{"start":{"line":11,"column":15},"end":{"line":11,"column":34}},"type":"binary-expr","locations":[{"start":{"line":11,"column":15},"end":{"line":11,"column":21}},{"start":{"line":11,"column":25},"end":{"line":11,"column":34}}],"line":11},"2":{"loc":{"start":{"line":14,"column":12},"end":{"line":14,"column":91}},"type":"if","locations":[{"start":{"line":14,"column":12},"end":{"line":14,"column":91}},{"start":{},"end":{}}],"line":14},"3":{"loc":{"start":{"line":14,"column":15},"end":{"line":14,"column":61}},"type":"binary-expr","locations":[{"start":{"line":14,"column":15},"end":{"line":14,"column":20}},{"start":{"line":14,"column":24},"end":{"line":14,"column":61}}],"line":14}},"s":{"0":2,"1":2,"2":2,"3":2,"4":2,"5":5,"6":5,"7":5,"8":2,"9":3,"10":3,"11":2,"12":1,"13":4,"14":0,"15":0,"16":0,"17":0,"18":0,"19":0,"20":0,"21":6,"22":6,"23":6,"24":1,"25":5,"26":2},"f":{"0":5,"1":0,"2":6},"b":{"0":[2,3],"1":[5,4],"2":[2,1],"3":[3,2]},"_coverageSchema":"1a1c01bbd47fc00a2c39e90264f33305004495a9","hash":"8727362d19aea04c93aee7beabc34b12dbe7c034"}
,"D:\\Hacktiv8\\Phase 2\\IP\\IP-HCK71\\server\\helpers\\bcryptjs.js": {"path":"D:\\Hacktiv8\\Phase 2\\IP\\IP-HCK71\\server\\helpers\\bcryptjs.js","statementMap":{"0":{"start":{"line":1,"column":32},"end":{"line":1,"column":51}},"1":{"start":{"line":3,"column":0},"end":{"line":10,"column":1}},"2":{"start":{"line":5,"column":8},"end":{"line":5,"column":38}},"3":{"start":{"line":8,"column":8},"end":{"line":8,"column":51}}},"fnMap":{"0":{"name":"(anonymous_0)","decl":{"start":{"line":4,"column":18},"end":{"line":4,"column":19}},"loc":{"start":{"line":4,"column":32},"end":{"line":6,"column":5}},"line":4},"1":{"name":"(anonymous_1)","decl":{"start":{"line":7,"column":17},"end":{"line":7,"column":18}},"loc":{"start":{"line":7,"column":47},"end":{"line":9,"column":5}},"line":7}},"branchMap":{},"s":{"0":2,"1":2,"2":5,"3":0},"f":{"0":5,"1":0},"b":{},"_coverageSchema":"1a1c01bbd47fc00a2c39e90264f33305004495a9","hash":"a0fe007829f05a44846028f0209c20c573ad3d4a"}
,"D:\\Hacktiv8\\Phase 2\\IP\\IP-HCK71\\server\\helpers\\jwt.js": {"path":"D:\\Hacktiv8\\Phase 2\\IP\\IP-HCK71\\server\\helpers\\jwt.js","statementMap":{"0":{"start":{"line":1,"column":25},"end":{"line":1,"column":48}},"1":{"start":{"line":2,"column":15},"end":{"line":2,"column":37}},"2":{"start":{"line":4,"column":0},"end":{"line":7,"column":1}},"3":{"start":{"line":5,"column":28},"end":{"line":5,"column":49}},"4":{"start":{"line":6,"column":28},"end":{"line":6,"column":49}}},"fnMap":{"0":{"name":"(anonymous_0)","decl":{"start":{"line":5,"column":15},"end":{"line":5,"column":16}},"loc":{"start":{"line":5,"column":28},"end":{"line":5,"column":49}},"line":5},"1":{"name":"(anonymous_1)","decl":{"start":{"line":6,"column":17},"end":{"line":6,"column":18}},"loc":{"start":{"line":6,"column":28},"end":{"line":6,"column":49}},"line":6}},"branchMap":{},"s":{"0":2,"1":2,"2":2,"3":2,"4":14},"f":{"0":2,"1":14},"b":{},"_coverageSchema":"1a1c01bbd47fc00a2c39e90264f33305004495a9","hash":"445025ea23041edae2800de88024e91115c6aebf"}
,"D:\\Hacktiv8\\Phase 2\\IP\\IP-HCK71\\server\\middlewares\\Authentication.js": {"path":"D:\\Hacktiv8\\Phase 2\\IP\\IP-HCK71\\server\\middlewares\\Authentication.js","statementMap":{"0":{"start":{"line":1,"column":24},"end":{"line":1,"column":49}},"1":{"start":{"line":2,"column":17},"end":{"line":2,"column":37}},"2":{"start":{"line":4,"column":0},"end":{"line":31,"column":2}},"3":{"start":{"line":5,"column":21},"end":{"line":5,"column":46}},"4":{"start":{"line":6,"column":2},"end":{"line":30,"column":3}},"5":{"start":{"line":8,"column":4},"end":{"line":8,"column":55}},"6":{"start":{"line":8,"column":23},"end":{"line":8,"column":55}},"7":{"start":{"line":11,"column":26},"end":{"line":11,"column":49}},"8":{"start":{"line":12,"column":4},"end":{"line":12,"column":61}},"9":{"start":{"line":12,"column":29},"end":{"line":12,"column":61}},"10":{"start":{"line":15,"column":18},"end":{"line":15,"column":36}},"11":{"start":{"line":18,"column":15},"end":{"line":18,"column":46}},"12":{"start":{"line":19,"column":4},"end":{"line":19,"column":47}},"13":{"start":{"line":19,"column":15},"end":{"line":19,"column":47}},"14":{"start":{"line":21,"column":4},"end":{"line":25,"column":6}},"15":{"start":{"line":27,"column":4},"end":{"line":27,"column":11}},"16":{"start":{"line":29,"column":4},"end":{"line":29,"column":16}}},"fnMap":{"0":{"name":"authentication","decl":{"start":{"line":4,"column":32},"end":{"line":4,"column":46}},"loc":{"start":{"line":4,"column":63},"end":{"line":31,"column":1}},"line":4}},"branchMap":{"0":{"loc":{"start":{"line":8,"column":4},"end":{"line":8,"column":55}},"type":"if","locations":[{"start":{"line":8,"column":4},"end":{"line":8,"column":55}},{"start":{},"end":{}}],"line":8},"1":{"loc":{"start":{"line":12,"column":4},"end":{"line":12,"column":61}},"type":"if","locations":[{"start":{"line":12,"column":4},"end":{"line":12,"column":61}},{"start":{},"end":{}}],"line":12},"2":{"loc":{"start":{"line":19,"column":4},"end":{"line":19,"column":47}},"type":"if","locations":[{"start":{"line":19,"column":4},"end":{"line":19,"column":47}},{"start":{},"end":{}}],"line":19}},"s":{"0":2,"1":2,"2":2,"3":16,"4":16,"5":16,"6":2,"7":14,"8":14,"9":0,"10":14,"11":12,"12":12,"13":0,"14":12,"15":12,"16":4},"f":{"0":16},"b":{"0":[2,14],"1":[0,14],"2":[0,12]},"_coverageSchema":"1a1c01bbd47fc00a2c39e90264f33305004495a9","hash":"80ae054c3687ab3f5e02c7af2bc2195725f6895e"}
,"D:\\Hacktiv8\\Phase 2\\IP\\IP-HCK71\\server\\middlewares\\Authorization.js": {"path":"D:\\Hacktiv8\\Phase 2\\IP\\IP-HCK71\\server\\middlewares\\Authorization.js","statementMap":{"0":{"start":{"line":1,"column":0},"end":{"line":8,"column":1}},"1":{"start":{"line":2,"column":4},"end":{"line":7,"column":5}},"2":{"start":{"line":3,"column":8},"end":{"line":3,"column":63}},"3":{"start":{"line":3,"column":38},"end":{"line":3,"column":63}},"4":{"start":{"line":4,"column":8},"end":{"line":4,"column":14}},"5":{"start":{"line":6,"column":8},"end":{"line":6,"column":19}}},"fnMap":{"0":{"name":"authorizationAdmin","decl":{"start":{"line":1,"column":32},"end":{"line":1,"column":50}},"loc":{"start":{"line":1,"column":65},"end":{"line":8,"column":1}},"line":1}},"branchMap":{"0":{"loc":{"start":{"line":3,"column":8},"end":{"line":3,"column":63}},"type":"if","locations":[{"start":{"line":3,"column":8},"end":{"line":3,"column":63}},{"start":{},"end":{}}],"line":3}},"s":{"0":2,"1":11,"2":11,"3":0,"4":11,"5":0},"f":{"0":11},"b":{"0":[0,11]},"_coverageSchema":"1a1c01bbd47fc00a2c39e90264f33305004495a9","hash":"4a144610a7acb66f9383f519f31aca41cfc381cf"}
,"D:\\Hacktiv8\\Phase 2\\IP\\IP-HCK71\\server\\middlewares\\ErrorHandler.js": {"path":"D:\\Hacktiv8\\Phase 2\\IP\\IP-HCK71\\server\\middlewares\\ErrorHandler.js","statementMap":{"0":{"start":{"line":1,"column":0},"end":{"line":33,"column":4}},"1":{"start":{"line":2,"column":17},"end":{"line":2,"column":36}},"2":{"start":{"line":3,"column":18},"end":{"line":3,"column":58}},"3":{"start":{"line":5,"column":4},"end":{"line":31,"column":5}},"4":{"start":{"line":7,"column":8},"end":{"line":7,"column":21}},"5":{"start":{"line":8,"column":8},"end":{"line":8,"column":49}},"6":{"start":{"line":9,"column":8},"end":{"line":9,"column":14}},"7":{"start":{"line":11,"column":8},"end":{"line":11,"column":21}},"8":{"start":{"line":12,"column":8},"end":{"line":12,"column":42}},"9":{"start":{"line":13,"column":8},"end":{"line":13,"column":14}},"10":{"start":{"line":15,"column":8},"end":{"line":15,"column":21}},"11":{"start":{"line":16,"column":8},"end":{"line":16,"column":45}},"12":{"start":{"line":17,"column":8},"end":{"line":17,"column":14}},"13":{"start":{"line":20,"column":8},"end":{"line":20,"column":21}},"14":{"start":{"line":21,"column":8},"end":{"line":21,"column":36}},"15":{"start":{"line":22,"column":8},"end":{"line":22,"column":14}},"16":{"start":{"line":24,"column":8},"end":{"line":24,"column":21}},"17":{"start":{"line":25,"column":8},"end":{"line":25,"column":43}},"18":{"start":{"line":26,"column":8},"end":{"line":26,"column":14}},"19":{"start":{"line":28,"column":8},"end":{"line":28,"column":21}},"20":{"start":{"line":29,"column":8},"end":{"line":29,"column":35}},"21":{"start":{"line":30,"column":8},"end":{"line":30,"column":14}},"22":{"start":{"line":32,"column":4},"end":{"line":32,"column":41}}},"fnMap":{"0":{"name":"errorHandler","decl":{"start":{"line":1,"column":26},"end":{"line":1,"column":38}},"loc":{"start":{"line":1,"column":62},"end":{"line":33,"column":3}},"line":1}},"branchMap":{"0":{"loc":{"start":{"line":2,"column":17},"end":{"line":2,"column":36}},"type":"binary-expr","locations":[{"start":{"line":2,"column":17},"end":{"line":2,"column":29}},{"start":{"line":2,"column":33},"end":{"line":2,"column":36}}],"line":2},"1":{"loc":{"start":{"line":3,"column":18},"end":{"line":3,"column":58}},"type":"binary-expr","locations":[{"start":{"line":3,"column":18},"end":{"line":3,"column":31}},{"start":{"line":3,"column":35},"end":{"line":3,"column":58}}],"line":3},"2":{"loc":{"start":{"line":5,"column":4},"end":{"line":31,"column":5}},"type":"switch","locations":[{"start":{"line":6,"column":6},"end":{"line":9,"column":14}},{"start":{"line":10,"column":6},"end":{"line":13,"column":14}},{"start":{"line":14,"column":6},"end":{"line":17,"column":14}},{"start":{"line":18,"column":6},"end":{"line":18,"column":27}},{"start":{"line":19,"column":6},"end":{"line":22,"column":14}},{"start":{"line":23,"column":6},"end":{"line":26,"column":14}},{"start":{"line":27,"column":6},"end":{"line":30,"column":14}}],"line":5}},"s":{"0":2,"1":23,"2":23,"3":23,"4":2,"5":2,"6":2,"7":15,"8":15,"9":15,"10":2,"11":2,"12":2,"13":4,"14":4,"15":4,"16":0,"17":0,"18":0,"19":0,"20":0,"21":0,"22":23},"f":{"0":23},"b":{"0":[23,23],"1":[23,6],"2":[2,15,2,2,4,0,0]},"_coverageSchema":"1a1c01bbd47fc00a2c39e90264f33305004495a9","hash":"86c41f25cc9aa35c15d66bf67557f8a8928d8f97"}
,"D:\\Hacktiv8\\Phase 2\\IP\\IP-HCK71\\server\\models\\cart.js": {"path":"D:\\Hacktiv8\\Phase 2\\IP\\IP-HCK71\\server\\models\\cart.js","statementMap":{"0":{"start":{"line":4,"column":4},"end":{"line":4,"column":24}},"1":{"start":{"line":5,"column":0},"end":{"line":61,"column":2}},"2":{"start":{"line":14,"column":6},"end":{"line":14,"column":57}},"3":{"start":{"line":15,"column":6},"end":{"line":15,"column":57}},"4":{"start":{"line":18,"column":2},"end":{"line":59,"column":5}},"5":{"start":{"line":60,"column":2},"end":{"line":60,"column":14}}},"fnMap":{"0":{"name":"(anonymous_0)","decl":{"start":{"line":5,"column":17},"end":{"line":5,"column":18}},"loc":{"start":{"line":5,"column":43},"end":{"line":61,"column":1}},"line":5},"1":{"name":"(anonymous_1)","decl":{"start":{"line":12,"column":4},"end":{"line":12,"column":5}},"loc":{"start":{"line":12,"column":29},"end":{"line":16,"column":5}},"line":12}},"branchMap":{},"s":{"0":2,"1":2,"2":2,"3":2,"4":2,"5":2},"f":{"0":2,"1":2},"b":{},"_coverageSchema":"1a1c01bbd47fc00a2c39e90264f33305004495a9","hash":"c50fece9e901d5c8e569a86a2cd44aa7bc36680f"}
,"D:\\Hacktiv8\\Phase 2\\IP\\IP-HCK71\\server\\models\\food.js": {"path":"D:\\Hacktiv8\\Phase 2\\IP\\IP-HCK71\\server\\models\\food.js","statementMap":{"0":{"start":{"line":4,"column":4},"end":{"line":4,"column":24}},"1":{"start":{"line":5,"column":0},"end":{"line":83,"column":2}},"2":{"start":{"line":14,"column":6},"end":{"line":14,"column":55}},"3":{"start":{"line":17,"column":2},"end":{"line":81,"column":5}},"4":{"start":{"line":82,"column":2},"end":{"line":82,"column":14}}},"fnMap":{"0":{"name":"(anonymous_0)","decl":{"start":{"line":5,"column":17},"end":{"line":5,"column":18}},"loc":{"start":{"line":5,"column":43},"end":{"line":83,"column":1}},"line":5},"1":{"name":"(anonymous_1)","decl":{"start":{"line":12,"column":4},"end":{"line":12,"column":5}},"loc":{"start":{"line":12,"column":29},"end":{"line":15,"column":5}},"line":12}},"branchMap":{},"s":{"0":2,"1":2,"2":2,"3":2,"4":2},"f":{"0":2,"1":2},"b":{},"_coverageSchema":"1a1c01bbd47fc00a2c39e90264f33305004495a9","hash":"e5b3fffa26cdcc46d3f9221ea84e40354c22a97a"}
,"D:\\Hacktiv8\\Phase 2\\IP\\IP-HCK71\\server\\models\\index.js": {"path":"D:\\Hacktiv8\\Phase 2\\IP\\IP-HCK71\\server\\models\\index.js","statementMap":{"0":{"start":{"line":3,"column":11},"end":{"line":3,"column":24}},"1":{"start":{"line":4,"column":13},"end":{"line":4,"column":28}},"2":{"start":{"line":5,"column":18},"end":{"line":5,"column":38}},"3":{"start":{"line":6,"column":16},"end":{"line":6,"column":34}},"4":{"start":{"line":7,"column":17},"end":{"line":7,"column":42}},"5":{"start":{"line":8,"column":12},"end":{"line":8,"column":49}},"6":{"start":{"line":9,"column":15},"end":{"line":9,"column":65}},"7":{"start":{"line":10,"column":11},"end":{"line":10,"column":13}},"8":{"start":{"line":13,"column":0},"end":{"line":17,"column":1}},"9":{"start":{"line":14,"column":2},"end":{"line":14,"column":74}},"10":{"start":{"line":16,"column":2},"end":{"line":16,"column":87}},"11":{"start":{"line":19,"column":0},"end":{"line":32,"column":5}},"12":{"start":{"line":22,"column":4},"end":{"line":27,"column":6}},"13":{"start":{"line":30,"column":18},"end":{"line":30,"column":85}},"14":{"start":{"line":31,"column":4},"end":{"line":31,"column":27}},"15":{"start":{"line":34,"column":0},"end":{"line":38,"column":3}},"16":{"start":{"line":35,"column":2},"end":{"line":37,"column":3}},"17":{"start":{"line":36,"column":4},"end":{"line":36,"column":32}},"18":{"start":{"line":40,"column":0},"end":{"line":40,"column":25}},"19":{"start":{"line":41,"column":0},"end":{"line":41,"column":25}},"20":{"start":{"line":43,"column":0},"end":{"line":43,"column":20}}},"fnMap":{"0":{"name":"(anonymous_0)","decl":{"start":{"line":21,"column":10},"end":{"line":21,"column":11}},"loc":{"start":{"line":21,"column":18},"end":{"line":28,"column":3}},"line":21},"1":{"name":"(anonymous_1)","decl":{"start":{"line":29,"column":11},"end":{"line":29,"column":12}},"loc":{"start":{"line":29,"column":19},"end":{"line":32,"column":3}},"line":29},"2":{"name":"(anonymous_2)","decl":{"start":{"line":34,"column":24},"end":{"line":34,"column":25}},"loc":{"start":{"line":34,"column":37},"end":{"line":38,"column":1}},"line":34}},"branchMap":{"0":{"loc":{"start":{"line":8,"column":12},"end":{"line":8,"column":49}},"type":"binary-expr","locations":[{"start":{"line":8,"column":12},"end":{"line":8,"column":32}},{"start":{"line":8,"column":36},"end":{"line":8,"column":49}}],"line":8},"1":{"loc":{"start":{"line":13,"column":0},"end":{"line":17,"column":1}},"type":"if","locations":[{"start":{"line":13,"column":0},"end":{"line":17,"column":1}},{"start":{"line":15,"column":7},"end":{"line":17,"column":1}}],"line":13},"2":{"loc":{"start":{"line":23,"column":6},"end":{"line":26,"column":37}},"type":"binary-expr","locations":[{"start":{"line":23,"column":6},"end":{"line":23,"column":29}},{"start":{"line":24,"column":6},"end":{"line":24,"column":23}},{"start":{"line":25,"column":6},"end":{"line":25,"column":30}},{"start":{"line":26,"column":6},"end":{"line":26,"column":37}}],"line":23},"3":{"loc":{"start":{"line":35,"column":2},"end":{"line":37,"column":3}},"type":"if","locations":[{"start":{"line":35,"column":2},"end":{"line":37,"column":3}},{"start":{},"end":{}}],"line":35}},"s":{"0":2,"1":2,"2":2,"3":2,"4":2,"5":2,"6":2,"7":2,"8":2,"9":0,"10":2,"11":2,"12":10,"13":8,"14":8,"15":2,"16":8,"17":8,"18":2,"19":2,"20":2},"f":{"0":10,"1":8,"2":8},"b":{"0":[2,0],"1":[0,2],"2":[10,10,8,8],"3":[8,0]},"_coverageSchema":"1a1c01bbd47fc00a2c39e90264f33305004495a9","hash":"1ae87b6e5d12c46dfb4797ba649167210fe9b597"}
,"D:\\Hacktiv8\\Phase 2\\IP\\IP-HCK71\\server\\models\\transaction.js": {"path":"D:\\Hacktiv8\\Phase 2\\IP\\IP-HCK71\\server\\models\\transaction.js","statementMap":{"0":{"start":{"line":4,"column":4},"end":{"line":4,"column":24}},"1":{"start":{"line":5,"column":0},"end":{"line":49,"column":2}},"2":{"start":{"line":14,"column":6},"end":{"line":14,"column":64}},"3":{"start":{"line":17,"column":2},"end":{"line":47,"column":5}},"4":{"start":{"line":48,"column":2},"end":{"line":48,"column":21}}},"fnMap":{"0":{"name":"(anonymous_0)","decl":{"start":{"line":5,"column":17},"end":{"line":5,"column":18}},"loc":{"start":{"line":5,"column":43},"end":{"line":49,"column":1}},"line":5},"1":{"name":"(anonymous_1)","decl":{"start":{"line":12,"column":4},"end":{"line":12,"column":5}},"loc":{"start":{"line":12,"column":29},"end":{"line":15,"column":5}},"line":12}},"branchMap":{},"s":{"0":2,"1":2,"2":2,"3":2,"4":2},"f":{"0":2,"1":2},"b":{},"_coverageSchema":"1a1c01bbd47fc00a2c39e90264f33305004495a9","hash":"380d7a2641bfc4f8d7d23948a67ef021eb07d8d5"}
,"D:\\Hacktiv8\\Phase 2\\IP\\IP-HCK71\\server\\models\\user.js": {"path":"D:\\Hacktiv8\\Phase 2\\IP\\IP-HCK71\\server\\models\\user.js","statementMap":{"0":{"start":{"line":4,"column":4},"end":{"line":4,"column":24}},"1":{"start":{"line":5,"column":25},"end":{"line":5,"column":55}},"2":{"start":{"line":6,"column":0},"end":{"line":86,"column":2}},"3":{"start":{"line":15,"column":6},"end":{"line":15,"column":53}},"4":{"start":{"line":16,"column":6},"end":{"line":16,"column":62}},"5":{"start":{"line":19,"column":2},"end":{"line":80,"column":7}},"6":{"start":{"line":81,"column":2},"end":{"line":84,"column":4}},"7":{"start":{"line":82,"column":4},"end":{"line":82,"column":22}},"8":{"start":{"line":83,"column":4},"end":{"line":83,"column":47}},"9":{"start":{"line":85,"column":2},"end":{"line":85,"column":14}}},"fnMap":{"0":{"name":"(anonymous_0)","decl":{"start":{"line":6,"column":17},"end":{"line":6,"column":18}},"loc":{"start":{"line":6,"column":43},"end":{"line":86,"column":1}},"line":6},"1":{"name":"(anonymous_1)","decl":{"start":{"line":13,"column":4},"end":{"line":13,"column":5}},"loc":{"start":{"line":13,"column":29},"end":{"line":17,"column":5}},"line":13},"2":{"name":"(anonymous_2)","decl":{"start":{"line":81,"column":20},"end":{"line":81,"column":21}},"loc":{"start":{"line":81,"column":37},"end":{"line":84,"column":3}},"line":81}},"branchMap":{},"s":{"0":2,"1":2,"2":2,"3":2,"4":2,"5":2,"6":2,"7":1,"8":1,"9":2},"f":{"0":2,"1":2,"2":1},"b":{},"_coverageSchema":"1a1c01bbd47fc00a2c39e90264f33305004495a9","hash":"05f20873ec181dac258bdd41995a2e761268cfd1"}
,"D:\\Hacktiv8\\Phase 2\\IP\\IP-HCK71\\server\\routers\\index.js": {"path":"D:\\Hacktiv8\\Phase 2\\IP\\IP-HCK71\\server\\routers\\index.js","statementMap":{"0":{"start":{"line":1,"column":16},"end":{"line":1,"column":34}},"1":{"start":{"line":2,"column":15},"end":{"line":2,"column":31}},"2":{"start":{"line":3,"column":21},"end":{"line":3,"column":59}},"3":{"start":{"line":4,"column":23},"end":{"line":4,"column":63}},"4":{"start":{"line":5,"column":27},"end":{"line":5,"column":66}},"5":{"start":{"line":7,"column":23},"end":{"line":7,"column":63}},"6":{"start":{"line":8,"column":23},"end":{"line":8,"column":63}},"7":{"start":{"line":9,"column":23},"end":{"line":9,"column":63}},"8":{"start":{"line":10,"column":30},"end":{"line":10,"column":77}},"9":{"start":{"line":12,"column":0},"end":{"line":12,"column":53}},"10":{"start":{"line":13,"column":0},"end":{"line":13,"column":47}},"11":{"start":{"line":14,"column":0},"end":{"line":14,"column":58}},"12":{"start":{"line":16,"column":0},"end":{"line":16,"column":26}},"13":{"start":{"line":18,"column":0},"end":{"line":18,"column":48}},"14":{"start":{"line":19,"column":0},"end":{"line":19,"column":68}},"15":{"start":{"line":20,"column":0},"end":{"line":20,"column":52}},"16":{"start":{"line":21,"column":0},"end":{"line":21,"column":73}},"17":{"start":{"line":22,"column":0},"end":{"line":22,"column":78}},"18":{"start":{"line":25,"column":0},"end":{"line":25,"column":48}},"19":{"start":{"line":26,"column":0},"end":{"line":26,"column":50}},"20":{"start":{"line":27,"column":0},"end":{"line":27,"column":58}},"21":{"start":{"line":28,"column":0},"end":{"line":28,"column":72}},"22":{"start":{"line":29,"column":0},"end":{"line":29,"column":68}},"23":{"start":{"line":31,"column":0},"end":{"line":31,"column":69}},"24":{"start":{"line":32,"column":0},"end":{"line":32,"column":88}},"25":{"start":{"line":33,"column":0},"end":{"line":33,"column":86}},"26":{"start":{"line":34,"column":0},"end":{"line":34,"column":71}},"27":{"start":{"line":35,"column":0},"end":{"line":35,"column":93}},"28":{"start":{"line":36,"column":0},"end":{"line":36,"column":99}},"29":{"start":{"line":40,"column":0},"end":{"line":40,"column":24}},"30":{"start":{"line":42,"column":0},"end":{"line":42,"column":23}}},"fnMap":{},"branchMap":{},"s":{"0":2,"1":2,"2":2,"3":2,"4":2,"5":2,"6":2,"7":2,"8":2,"9":2,"10":2,"11":2,"12":2,"13":2,"14":2,"15":2,"16":2,"17":2,"18":2,"19":2,"20":2,"21":2,"22":2,"23":2,"24":2,"25":2,"26":2,"27":2,"28":2,"29":2,"30":2},"f":{},"b":{},"_coverageSchema":"1a1c01bbd47fc00a2c39e90264f33305004495a9","hash":"28e5f6263e3d80e277b9e02e96eb64a00145276b"}
}
